<?xml version="1.0" encoding="UTF-8" ?>
<testsuites errors="1"
            failures="2"
            tests="3">

  <testsuite name="HomePage"
    errors="1" failures="2" hostname="" id="" package="HomePage" skipped="2"
    tests="3" time="58.23" timestamp="">
  
    <testcase name="verifying elements on home page" classname="HomePage" time="22.67" assertions="7">

    

    

    

    

    

    

    
    </testcase>
  
    <testcase name="verifying redirection after clicking on Elements on home page&#39;" classname="HomePage" time="12.68" assertions="2">

    

    
    </testcase>
  
    <testcase name="verifying redirection after clicking on Forms on home page&#39;" classname="HomePage" time="22.88" assertions="2">  <failure message="Timed out while waiting for element &lt;body&gt; to be present for 5000 milliseconds. - expected &#34;visible&#34; but got: &#34;not found&#34; (5162ms)">    at Object.beforeEach (/Users/omukhtar/NightWatch/Nightwatch-Test-Project/tests/HomePage.js:6:16)
    at new Promise (&lt;anonymous&gt;)</failure>

      <failure message="Testing if the URL is &#39;https://demoqa.com/forms&#39; in 5000ms - expected &#34;is &#39;https://demoqa.com/forms&#39;&#34; but got: &#34;&#34; (5106ms)">    at Object.verifying redirection after clicking on Forms on home page&#39; (/Users/omukhtar/NightWatch/Nightwatch-Test-Project/tests/HomePage.js:42:20)
    at processTicksAndRejections (node:internal/process/task_queues:96:5)</failure>

    
    <error message="Error while running &#34;urlEquals&#34; command: Testing if the URL is [0;33m&#39;https://demoqa.com/forms&#39;[0m in 5000ms - expected [0;32m&#34;is &#39;https://demoqa.com/forms&#39;&#34;[0m but got: [0;31m&#34;&#34;[0m [0;90m(5106ms)[0m" type="error"><![CDATA[
        at Object.verifying redirection after clicking on Forms on home page&#39; (/Users/omukhtar/NightWatch/Nightwatch-Test-Project/tests/HomePage.js:42:20)
    at processTicksAndRejections (node:internal/process/task_queues:96:5)
    ]]></error>
    
    </testcase>
  

  
    <system-err>
        NoSuchElementError: An error occurred while running .click() command on &lt;Element [name=@formHomePage]&gt;:   (Session info: chrome=97.0.4692.99),  (Driver info: chromedriver=97.0.4692.71 (adefa7837d02a07a604c1e6eff0b3a09422ab88d-refs/branch-heads/4692@{#1247}),platform=Mac OS X 11.6.0 x86_64); no such window: window was already closed
   {&#34;status&#34;:-1,&#34;state&#34;:&#34;&#34;,&#34;code&#34;:&#34;&#34;,&#34;value&#34;:{&#34;message&#34;:&#34;no such window: window was already closed&#34;,&#34;error&#34;:[&#34;  (Session info: chrome=97.0.4692.99)&#34;,&#34;  (Driver info: chromedriver=97.0.4692.71 (adefa7837d02a07a604c1e6eff0b3a09422ab88d-refs/branch-heads/4692@{#1247}),platform=Mac OS X 11.6.0 x86_64)&#34;]},&#34;errorStatus&#34;:23,&#34;error&#34;:&#34;The specified window could not be found. â€“ no such window: window was already closed&#34;,&#34;httpStatusCode&#34;:200}
       at Page.clickOnHomePage (/Users/omukhtar/NightWatch/Nightwatch-Test-Project/PageObject/HomePageObject.js:35:37)
       at Object.verifying redirection after clicking on Forms on home page&#39; (/Users/omukhtar/NightWatch/Nightwatch-Test-Project/tests/HomePage.js:40:15)
    </system-err>
  

    

  
    
    <testcase
      name="verifying redirection after clicking on Alerts, Frame &amp; Windows on home page&#39;" classname="HomePage">
      <skipped />
    </testcase>
    
    <testcase
      name="verifying redirection after clicking on Widgets on home page&#39;" classname="HomePage">
      <skipped />
    </testcase>
    
  
  </testsuite>
</testsuites>
